. drwxr-xr-x 4
./bin drwxr-xr-x 14
./bin/cktestfs -rwxr-xr-x 72240
./bin/ece344-tester -rwxr-xr-x 5527
./bin/ece344-vnc -rwxr-xr-x 53
./bin/generate-mail -rwxr-xr-x 2277
./bin/generate-marks -rwxr-xr-x 1940
./bin/generate-one-mail -rwxr-xr-x 2500
./bin/para-marker.py -rwxr-xr-x 3098
./bin/send-mail -rwxr-xr-x 1049
./bin/setup -rw-r--r-- 2244
./bin/ugload -rwxr-xr-x 2720
./bin/ugproc -rwxr-xr-x 1661
./bin/update-marks -rwxr-xr-x 2509
./scripts drwxr-xr-x 20
./scripts/.gitignore -rw-r--r-- 11
./scripts/__pycache__ drwxr-xr-x 3
./scripts/__pycache__/tester.cpython-39.pyc -rw-r--r-- 5972
./scripts/lab1-01-warmup.py -rwxr-xr-x 1663
./scripts/lab2-01-ucontext.py -rwxr-xr-x 4203
./scripts/lab2-02-basic.py -rwxr-xr-x 2110
./scripts/lab3-01-preemptive.py -rwxr-xr-x 3791
./scripts/lab3-02-wakeup.py -rwxr-xr-x 1052
./scripts/lab3-03-wakeupall.py -rwxr-xr-x 732
./scripts/lab3-04-wait.py -rwxr-xr-x 2444
./scripts/lab3-05-lock.py -rwxr-xr-x 2239
./scripts/lab3-06-cv-signal.py -rwxr-xr-x 2789
./scripts/lab3-07-cv-broadcast.py -rwxr-xr-x 2801
./scripts/lab4-01-webserver.py -rwxr-xr-x 6369
./scripts/lab5-01-webserver.py -rwxr-xr-x 5714
./scripts/lab6-01-testfs.py -rwxr-xr-x 669
./scripts/readonlydir dr-xr-xr-x 3
./scripts/readonlydir/testfile -rw-r--r-- 32
./scripts/tester.py -rw-r--r-- 7870
./scripts/tester.pyc -rw-r--r-- 7452
